<?xml version="1.0" encoding="UTF-8"?>
<!-- Generated by org.testng.reporters.JUnitReportReporter -->
<testsuite hostname="DESKTOP-N8EPBS5" failures="0" tests="1" name="TestClassPackage.Post_tc_1" time="8.731" errors="0" timestamp="2023-05-23T13:54:22 IST" skipped="0">
  <testcase classname="TestClassPackage.Post_tc_1" name="execute" time="8.731"/>
  <system-out/>
</testsuite> <!-- TestClassPackage.Post_tc_1 -->
